http://1043theriver.com/ => timeout
http://670theq.com/ => timeout
http://73.11.151.252:81/stream => timeout
http://afkradio.com/ => timeout
http://afrobeatsnation.com/ => timeout
http://alleluiafmhaiti.com/ => timeout
http://asyikfm.rtm.gov.my/ => timeout
http://bisharafmonline.com/?i=1 => timeout
http://boonradio.wapka.mobi/ => timeout
http://chmm.ca => timeout
http://cjrpfm.com/ => timeout
http://drg.redirectme.net/ => timeout
http://gabber.fm/ => timeout
http://grnonline.com/ => timeout
http://goldenradio.meximas.com/ => timeout
http://jack1011.com/ => timeout
http://jcr.jones.edu/ => timeout
http://jktradio.com/ => timeout
http://johorfm.rtm.gov.my/ => timeout
http://kbbgfm.com/ => timeout
http://kedahfm.rtm.gov.my/ => timeout
http://kelantanfm.rtm.gov.my/ => timeout
http://keningaufm.rtm.gov.my => timeout
http://klfm.rtm.gov.my/ => timeout
http://ks368644.kimsufi.com/Player/ => timeout
http://kujam.com/ => timeout
http://kvrz.net => timeout
http://kwai1080am.com/ => timeout
http://labuanfm.rtm.gov.my/ => timeout
http://lanortenaradiofm.com/ => timeout
http://laufmuq.com/ => timeout
http://latofm.gr/ => timeout
http://lucky13radio.com/ => timeout
http://marynofm.ru/ => timeout
http://mas99.com => timeout
http://melakafm.rtm.gov.my/ => timeout
http://midamericanetwork.com/kggs => timeout
http://minnalfm.rtm.gov.my => timeout
http://miradiofm.us/ => timeout
http://more104music.com/ => timeout
http://mutiarafm.rtm.gov.my/ => timeout
http://nasionalfm.rtm.gov.my/ => timeout
http://nbtmusicradio.org/ => timeout
http://ninarfm.com/ => timeout
http://nov-ros.ru/ => timeout
http://pahangfm.rtm.gov.my/ => timeout
http://perakfm.rtm.gov.my/ => timeout
http://perlisfm.rtm.gov.my/ => timeout
http://phoenix.radioflo.co.uk:2199/start/divineradio/ => timeout
http://plainsreporter.k2radio.net/ksth => timeout
http://prfmnews.com => timeout
http://que4.que4radio.org/ => timeout
http://radio-electron.ru/ => timeout
http://radio.aplus.by/ => timeout
http://radio.boisestate.edu/ => timeout
http://radio.krcb.org/ => timeout
http://radio6o8.com/ => timeout
http://radiogemelas.com/ => timeout
http://radiojerusalendallas.com/ => timeout
http://radiokameleon.ba/ => timeout
http://radiospaz.com => request to http://newportbest.com/ failed, reason: read ECONNRESET
http://radioklasik.rtm.gov.my/ => timeout
http://radioytv.hidalgo.gob.mx/ => timeout
http://radiozetaweb.com/ => timeout
http://ratpackradio.com/ => timeout
http://redfm.rtm.gov.my/ => timeout
http://roguerockradio.com/ => timeout
http://rovadi.jarno.pro/ => timeout
http://rtvtotaal.nl/ => timeout
http://sabahfm.rtm.gov.my/ => timeout
http://sabahvfm.rtm.gov.my/ => timeout
http://sandakanfm.rtm.gov.my/ => timeout
http://selangorfm.rtm.gov.my/ => timeout
http://streams.apr.org/hd1hi.m3u => timeout
http://streams.apr.org/hd2hi.m3u => timeout
http://streams.apr.org/hd3hi.m3u => timeout
http://tawaufm.rtm.gov.my/ => timeout
http://terengganufm.rtm.gov.my/ => timeout
http://tchs.tyle.k12.wv.us/tchs/Radio/radiomain.html => timeout
http://terengganufm.rtm.gov.my/ver1/index.php/utama => timeout
http://thebridgefm.org/ => timeout
http://thebull1067.com/ => timeout
http://theqstation.com/ => timeout
http://theremnant.org/ => timeout
http://thetmn.com/ => timeout
http://traxxfm.rtm.gov.my/ => timeout
http://twrradio.ru/ => timeout
http://vaelive.com/ => timeout
http://va.cocentaina.es/ver/649/Radio-Cocentaina.html => timeout
http://vdl.me/ => timeout
http://wcblradio.com/ => timeout
http://webpages.charter.net/rappling1200/ => timeout
http://wkkx.com/ => timeout
http://wkcv.keystone.edu/ => timeout
http://wkzq.net/ => timeout
http://wnku.org/ => timeout
http://worldwide.familyradio.org/ => timeout
http://wrvg.georgetowncollege.edu/ => timeout
http://wsps.sps.edu => timeout
http://wspyam.com/ => timeout
http://wvtc.net => timeout
http://wvtc.net/ => timeout
http://www.1043powerfmguyana.com/ => timeout
http://www.1070thefan.com/ => timeout
http://www.1079mixfm.com/ => timeout
http://www.1480newsnow.com/ => timeout
http://www.570foxsports.com/ => timeout
http://www.820theanswer.com/ => timeout
http://www.891thewood.com/ => timeout
http://www.920thevoice.com/ => timeout
http://www.94xrocks.com/ => timeout
http://www.965woxl.com/ => timeout
http://www.acbrown.lib.me.us/?page_id=470 => timeout
http://www.albaladonline.com/ar/Default.aspx?pageid=11730 => timeout
http://www.altradio.ca => timeout
http://www.avivaradio107.com/ => timeout
http://www.b927fm.com/ => timeout
http://www.beachshagrhythmandblues.com/ => timeout
http://www.belleriveradio.com/ => timeout
http://www.buffalowatch.net => timeout
http://www.cfreradio.com/ => timeout
http://www.ckum935.com/ => timeout
http://www.classicholidayradio.com/ => timeout
http://www.desi-radio.com/ => timeout
http://www.drakejournalism.com/941thedog => timeout
http://www.duxpond.com => timeout
http://www.eagle933.com/ => timeout
http://www.firmadend.nl/ => timeout
http://www.freezeframeradio.com/ => timeout
http://www.fun921.com/ => timeout
http://www.geethamradio.com/index.php => timeout
http://www.gridlag.com/ => timeout
http://www.grnonline.com => timeout
http://www.grnonline.com/ => timeout
http://www.grnonline.com/item/910-am-kath.html => timeout
http://www.grnonline.com/station-list.php => timeout
http://www.guzoradio.com/ => timeout
http://www.haltonradio.com/ => timeout
http://www.hard80sradio.com/ => timeout
http://www.hcmediaonline.org/ => timeout
http://www.isignmyselfradio.com/ => timeout
http://www.jeugdmp3.com/ => timeout
http://www.jmada.com/ => timeout
http://www.kacvfm.org/ => timeout
http://www.kbja1640.com/ => timeout
http://www.kbze.com/ => timeout
http://www.kfbcradio.com/ => timeout
http://www.khrt.com/ => timeout
http://www.kissfm.fr/ => timeout
http://www.klsr105fm.com/ => timeout
http://www.koky.com => timeout
http://www.krvr.com/ => timeout
http://www.ksbr.org/ => timeout
http://www.ktip.com => timeout
http://www.ktry.com/ => timeout
http://www.kvin.net/ => timeout
http://www.lacheverisimapereira.x10.mx/ => timeout
http://www.lapoderosa1550am.com/ => timeout
http://www.max959.com/ => timeout
http://www.mesquiteweather.net => timeout
http://www.migtvr.com/p/fm.html => timeout
http://www.mountaincountry.us/ => timeout
http://www.myopusradio.com/ => timeout
http://www.n7ufk.us => timeout
http://www.netmusique.com/ => timeout
http://www.pbmnetradio.com/ => timeout
http://www.pecos973.com/ => timeout
http://www.penielestereo.com/ => timeout
http://www.powerxl.com.tr/ => timeout
http://www.praisefm.net/ => timeout
http://www.q91country.com/ => timeout
http://www.q971fm.com/ => timeout
http://www.qatarbroadcast.qa/ => timeout
http://www.radio.kiev.fm/ => timeout
http://www.radio9.ca/ => timeout
http://www.radio93lp.com/home.html => timeout
http://www.radiodigitlax.com/ => timeout
http://www.radiorocknation.com/ => timeout
http://www.radiosuidafrika.com/ => timeout
http://www.radioteleenergie.com/ => timeout
http://www.radiotropicanamix.com => timeout
http://www.radiovip.eu/ => timeout
http://www.realhustleradio.com/ => timeout
http://www.red1023.com/ => timeout
http://www.revivalfm.org/ => timeout
http://www.rivercountry973.com/ => timeout
http://www.roundhouseradio.com/ => timeout
http://www.rustlerradio.com/ => timeout
http://www.salvacionradio.org/ => timeout
http://www.samsonradio.com => timeout
http://www.scottsclassicrock.com/ => timeout
http://www.sunprairieweather.com => request to http://www.sunprairieweather.com/ failed, reason: read ECONNRESET
http://www.slowradyo.net/ => timeout
http://www.theamazingradio.com/ => request to http://www.theamazingradio.com/ failed, reason: read ECONNRESET
http://www.spiritco1.com => timeout
http://www.star883.org/ => timeout
http://www.sun103.com/ => timeout
http://www.texarkanaradio.com/ => timeout
http://www.thedove.us/ => timeout
http://www.thegoodcountry.com/ => timeout
http://www.thestreamlive.com/ => timeout
http://www.todayswaxx1045.com/ => timeout
http://www.top915.fm => timeout
http://www.trendingradio.com/ => timeout
http://www.vbgov.com/government/departments/police/Pages/default.aspx => timeout
http://www.wbaj.net/ => timeout
http://www.webroadcastonline.com/ => timeout
http://www.wemmam.com/ => timeout
http://www.whfc911.org => timeout
http://www.whil.org/ => timeout
http://www.whvw.net/ => timeout
http://www.wioo.com/ => timeout
http://www.wjcfradio.com/ => timeout
http://www.wjjq.com/ => timeout
http://www.wjml.com/ => timeout
http://www.wjmr.com/ => timeout
http://www.wjzm.com/ => timeout
http://www.wkwj.org/ => timeout
http://www.wlry.org/ => timeout
http://www.wroe.com => timeout
http://www.wsiu.org/ => timeout
http://www.wstsfm.com/ => timeout
http://www.wtis1110.com/ => timeout
http://www.wtotradio.com/ => timeout
http://www.wvsmam.com/ => timeout
http://www.wx7.us => timeout
http://www.wygs.org/ => timeout
http://www.wytmfm.co/ => timeout
http://www.z92radio.com/ => timeout
http://www.zoe1430.com/ => timeout
http://yo1051.com/ => timeout
http://z95.net => timeout
https://afr.net/ => timeout
https://altarrockradio.com => timeout
https://dunkerquestreetradio.eu/ => timeout
https://elsalvador.fm/ => timeout
https://fantasy967.de/ => timeout
https://innovacioncristianaradio.org/ => timeout
https://kissdancenetwork.com/ => timeout
https://laguaridafm.com/ => timeout
https://live.beatz963.com => timeout
https://listnradio.com => timeout
https://radiobacio.it/site/ => timeout
https://radiocosmonova.com/ => timeout
https://radiofreccianetwork.com/ => timeout
https://radiojerusalendallas.com => timeout
https://udecradio.unicartagena.edu.co/ => request to https://udecradio.unicartagena.edu.co/ failed, reason: Hostname/IP does not match certificate's altnames: Host: udecradio.unicartagena.edu.co. is not in the cert's altnames: DNS:server.unicartagena.edu.co
https://salaamedia.com/ => timeout
https://topmantvonline.com/ => timeout
https://www.100komma7.lu/ => timeout
https://www.abc70s.com => timeout
https://www.antenne-io.de/ => timeout
https://www.antenne-kl.de/ => timeout
https://www.antenne-koblenz.de/ => timeout
https://www.antenne-landau.de/ => timeout
https://www.chilloutradio.tk/ => timeout
https://www.cityradio-trier.de/ => timeout
https://www.damlafm.com.tr/ => timeout
https://www.dancesize.com/ => timeout
https://www.driverfm.gr/ => timeout
https://www.estereorenacer.com/ => timeout
https://www.eurodance.ga/ => timeout
https://www.evogueradio.co.za/ => timeout
https://www.gerberaradio.tk/ => timeout
https://www.jm-madeira.pt/ => timeout
https://www.linea106fm.com => timeout
https://www.maximastereobogota.tk/ => timeout
https://www.neelnayak.com/ => timeout
https://www.networkabcireland.com/ => timeout
https://www.networkabcireland.com/abc-80-s => timeout
https://www.networkabcireland.com/dublin-s-abc => timeout
https://www.nueveradio.cf/ => timeout
https://www.peiraiasfm.com/ => timeout
https://www.radio-cottbus.de/ => timeout
https://www.radiocentrogualaceo.com/ => timeout
https://www.radiococacola.tk/ => timeout
https://www.radioforumboticas.pt/ => timeout
https://www.radiohaitisoukem.tk/ => timeout
https://www.radiomiteri.com/ => timeout
https://www.radiopuissancedivine.com/ => timeout
https://www.radioparatiritis.gr/ => timeout
https://www.radioquelite.com/ => timeout
https://www.radiorocknation.com/ => timeout
https://www.radioua.cl/ => timeout
https://www.rockindevilradio.com => timeout
https://xn--jesusesreyyseor-brb.com/ => timeout
https://yopalradio.com/ => timeout
